<?xml version="1.0" encoding="UTF-8"?>
<!-- Generated by org.testng.reporters.JUnitReportReporter -->
<testsuite hostname="DESKTOP-29VHF8U" name="com.rupeek.RestAPIProject.scripts.CustomerOperation" tests="3" failures="0" timestamp="24 Apr 2020 10:45:37 GMT" time="4.482" errors="0">
  <testcase name="getCustomerByPhoneNo" time="0.171" classname="com.rupeek.RestAPIProject.scripts.CustomerOperation"/>
  <testcase name="getAllCustomerRecord" time="0.386" classname="com.rupeek.RestAPIProject.scripts.CustomerOperation"/>
  <testcase name="authenticate" time="3.925" classname="com.rupeek.RestAPIProject.scripts.CustomerOperation"/>
</testsuite> <!-- com.rupeek.RestAPIProject.scripts.CustomerOperation -->
